<?xml version="1.0" encoding="UTF-8"?>
<testng-results skipped="0" failed="0" ignored="0" total="4" passed="4">
  <reporter-output>
  </reporter-output>
  <suite name="Gradle suite" duration-ms="48909" started-at="2019-10-15T17:25:56Z" finished-at="2019-10-15T17:26:45Z">
    <groups>
      <group name="SMOKE">
        <method signature="SearchProductTestCases.filterProductByBrand()[pri:0, instance:testCases.SearchProductTestCases@71ba5695]" name="filterProductByBrand" class="testCases.SearchProductTestCases"/>
        <method signature="SearchProductTestCases.filterProductByPriceLowToHigh()[pri:0, instance:testCases.SearchProductTestCases@71ba5695]" name="filterProductByPriceLowToHigh" class="testCases.SearchProductTestCases"/>
        <method signature="SearchProductTestCases.searchProductAsGuestUser()[pri:0, instance:testCases.SearchProductTestCases@71ba5695]" name="searchProductAsGuestUser" class="testCases.SearchProductTestCases"/>
        <method signature="SearchProductTestCases.selectFirstSearchProduct()[pri:0, instance:testCases.SearchProductTestCases@71ba5695]" name="selectFirstSearchProduct" class="testCases.SearchProductTestCases"/>
      </group> <!-- SMOKE -->
    </groups>
    <test name="Gradle test" duration-ms="48909" started-at="2019-10-15T17:25:56Z" finished-at="2019-10-15T17:26:45Z">
      <class name="testCases.SearchProductTestCases">
        <test-method status="PASS" signature="beforeMethod()[pri:0, instance:testCases.SearchProductTestCases@71ba5695]" name="beforeMethod" is-config="true" duration-ms="3588" started-at="2019-10-15T17:25:56Z" finished-at="2019-10-15T17:26:00Z">
          <reporter-output>
          </reporter-output>
        </test-method> <!-- beforeMethod -->
        <test-method status="PASS" signature="filterProductByBrand()[pri:0, instance:testCases.SearchProductTestCases@71ba5695]" name="filterProductByBrand" duration-ms="15214" started-at="2019-10-15T17:26:00Z" finished-at="2019-10-15T17:26:15Z">
          <reporter-output>
          </reporter-output>
        </test-method> <!-- filterProductByBrand -->
        <test-method status="PASS" signature="afterMethod(org.testng.ITestResult)[pri:0, instance:testCases.SearchProductTestCases@71ba5695]" name="afterMethod" is-config="true" duration-ms="416" started-at="2019-10-15T17:26:15Z" finished-at="2019-10-15T17:26:16Z">
          <params>
            <param index="0">
              <value>
                <![CDATA[[TestResult name=filterProductByBrand status=SUCCESS method=SearchProductTestCases.filterProductByBrand()[pri:0, instance:testCases.SearchProductTestCases@71ba5695] output={null}]]]>
              </value>
            </param>
          </params>
          <reporter-output>
          </reporter-output>
        </test-method> <!-- afterMethod -->
        <test-method status="PASS" signature="beforeMethod()[pri:0, instance:testCases.SearchProductTestCases@71ba5695]" name="beforeMethod" is-config="true" duration-ms="2218" started-at="2019-10-15T17:26:16Z" finished-at="2019-10-15T17:26:18Z">
          <reporter-output>
          </reporter-output>
        </test-method> <!-- beforeMethod -->
        <test-method status="PASS" signature="filterProductByPriceLowToHigh()[pri:0, instance:testCases.SearchProductTestCases@71ba5695]" name="filterProductByPriceLowToHigh" duration-ms="8526" started-at="2019-10-15T17:26:18Z" finished-at="2019-10-15T17:26:26Z">
          <reporter-output>
          </reporter-output>
        </test-method> <!-- filterProductByPriceLowToHigh -->
        <test-method status="PASS" signature="afterMethod(org.testng.ITestResult)[pri:0, instance:testCases.SearchProductTestCases@71ba5695]" name="afterMethod" is-config="true" duration-ms="303" started-at="2019-10-15T17:26:26Z" finished-at="2019-10-15T17:26:27Z">
          <params>
            <param index="0">
              <value>
                <![CDATA[[TestResult name=filterProductByPriceLowToHigh status=SUCCESS method=SearchProductTestCases.filterProductByPriceLowToHigh()[pri:0, instance:testCases.SearchProductTestCases@71ba5695] output={null}]]]>
              </value>
            </param>
          </params>
          <reporter-output>
          </reporter-output>
        </test-method> <!-- afterMethod -->
        <test-method status="PASS" signature="beforeMethod()[pri:0, instance:testCases.SearchProductTestCases@71ba5695]" name="beforeMethod" is-config="true" duration-ms="1195" started-at="2019-10-15T17:26:27Z" finished-at="2019-10-15T17:26:28Z">
          <reporter-output>
          </reporter-output>
        </test-method> <!-- beforeMethod -->
        <test-method status="PASS" signature="searchProductAsGuestUser()[pri:0, instance:testCases.SearchProductTestCases@71ba5695]" name="searchProductAsGuestUser" duration-ms="5299" started-at="2019-10-15T17:26:28Z" finished-at="2019-10-15T17:26:33Z">
          <reporter-output>
          </reporter-output>
        </test-method> <!-- searchProductAsGuestUser -->
        <test-method status="PASS" signature="afterMethod(org.testng.ITestResult)[pri:0, instance:testCases.SearchProductTestCases@71ba5695]" name="afterMethod" is-config="true" duration-ms="271" started-at="2019-10-15T17:26:33Z" finished-at="2019-10-15T17:26:33Z">
          <params>
            <param index="0">
              <value>
                <![CDATA[[TestResult name=searchProductAsGuestUser status=SUCCESS method=SearchProductTestCases.searchProductAsGuestUser()[pri:0, instance:testCases.SearchProductTestCases@71ba5695] output={null}]]]>
              </value>
            </param>
          </params>
          <reporter-output>
          </reporter-output>
        </test-method> <!-- afterMethod -->
        <test-method status="PASS" signature="beforeMethod()[pri:0, instance:testCases.SearchProductTestCases@71ba5695]" name="beforeMethod" is-config="true" duration-ms="1175" started-at="2019-10-15T17:26:33Z" finished-at="2019-10-15T17:26:34Z">
          <reporter-output>
          </reporter-output>
        </test-method> <!-- beforeMethod -->
        <test-method status="PASS" signature="selectFirstSearchProduct()[pri:0, instance:testCases.SearchProductTestCases@71ba5695]" name="selectFirstSearchProduct" duration-ms="10359" started-at="2019-10-15T17:26:34Z" finished-at="2019-10-15T17:26:45Z">
          <reporter-output>
          </reporter-output>
        </test-method> <!-- selectFirstSearchProduct -->
        <test-method status="PASS" signature="afterMethod(org.testng.ITestResult)[pri:0, instance:testCases.SearchProductTestCases@71ba5695]" name="afterMethod" is-config="true" duration-ms="296" started-at="2019-10-15T17:26:45Z" finished-at="2019-10-15T17:26:45Z">
          <params>
            <param index="0">
              <value>
                <![CDATA[[TestResult name=selectFirstSearchProduct status=SUCCESS method=SearchProductTestCases.selectFirstSearchProduct()[pri:0, instance:testCases.SearchProductTestCases@71ba5695] output={null}]]]>
              </value>
            </param>
          </params>
          <reporter-output>
          </reporter-output>
        </test-method> <!-- afterMethod -->
      </class> <!-- testCases.SearchProductTestCases -->
    </test> <!-- Gradle test -->
  </suite> <!-- Gradle suite -->
</testng-results>
